diff --git a/config.log b/config.log
index 30bb8da..ab0727b 100644
--- a/config.log
+++ b/config.log
@@ -2,251 +2,286 @@ This file contains any messages produced by compilers while
 running configure, to aid debugging if configure makes a mistake.
 
 It was created by PhyML configure 3.3.20250429, which was
-generated by GNU Autoconf 2.71.  Invocation command line was
+generated by GNU Autoconf 2.72.  Invocation command line was
 
-  $ ./configure --enable-phyml-mpi
+  $ ./configure --disable-native --no-create --no-recursion
 
 ## --------- ##
 ## Platform. ##
 ## --------- ##
 
-hostname = eduroam183089.ugr.es
-uname -m = arm64
-uname -r = 24.3.0
-uname -s = Darwin
-uname -v = Darwin Kernel Version 24.3.0: Thu Jan  2 20:23:36 PST 2025; root:xnu-11215.81.4~3/RELEASE_ARM64_T8112
+hostname = zbook
+uname -m = x86_64
+uname -r = 6.17.9-arch1-1
+uname -s = Linux
+uname -v = #1 SMP PREEMPT_DYNAMIC Mon, 24 Nov 2025 15:21:09 +0000
 
-/usr/bin/uname -p = arm
+/usr/bin/uname -p = unknown
 /bin/uname -X     = unknown
 
 /bin/arch              = unknown
 /usr/bin/arch -k       = unknown
 /usr/convex/getsysinfo = unknown
-/usr/bin/hostinfo      = Mach kernel version:
-	 Darwin Kernel Version 24.3.0: Thu Jan  2 20:23:36 PST 2025; root:xnu-11215.81.4~3/RELEASE_ARM64_T8112
-Kernel configured for up to 8 processors.
-8 processors are physically available.
-8 processors are logically available.
-Processor type: arm64e (ARM64E)
-Processors active: 0 1 2 3 4 5 6 7
-Primary memory available: 8.00 gigabytes
-Default processor set: 503 tasks, 2737 threads, 8 processors
-Load average: 1.73, Mach factor: 6.26
+/usr/bin/hostinfo      = unknown
 /bin/machine           = unknown
 /usr/bin/oslevel       = unknown
 /bin/universe          = unknown
 
-PATH: /Users/guindon/anaconda3/bin/
-PATH: /Users/guindon/anaconda3/condabin/
-PATH: /Users/guindon/anaconda3/bin/
-PATH: /Users/guindon/anaconda3/bin/
-PATH: /opt/local/bin/
-PATH: /opt/local/sbin/
-PATH: /opt/homebrew/bin/
-PATH: /opt/homebrew/sbin/
+PATH: /opt/devkitpro/tools/bin/
+PATH: /opt/devkitpro/devkitA64/bin/
+PATH: /home/althonos/.local/bin/
+PATH: /home/althonos/.local/scripts/
+PATH: /home/althonos/.local/share/vitasdk/bin/
+PATH: /home/althonos/.local/share/gem/ruby/3.4.0/bin/
+PATH: /home/althonos/.local/share/gem/bin/
+PATH: /home/althonos/.local/share/rye/shims/
+PATH: /home/althonos/.local/share/cargo/bin/
+PATH: /opt/devkitpro/tools/bin/
+PATH: /opt/devkitpro/devkitA64/bin/
+PATH: /home/althonos/.local/bin/
+PATH: /home/althonos/.local/scripts/
+PATH: /home/althonos/.local/share/vitasdk/bin/
+PATH: /home/althonos/.local/share/gem/ruby/3.4.0/bin/
+PATH: /home/althonos/.local/share/gem/bin/
 PATH: /usr/local/bin/
-PATH: /System/Cryptexes/App/usr/bin/
 PATH: /usr/bin/
 PATH: /bin/
-PATH: /usr/sbin/
-PATH: /sbin/
-PATH: /var/run/com.apple.security.cryptexd/codex.system/bootstrap/usr/local/bin/
-PATH: /var/run/com.apple.security.cryptexd/codex.system/bootstrap/usr/bin/
-PATH: /var/run/com.apple.security.cryptexd/codex.system/bootstrap/usr/appleinternal/bin/
-PATH: /opt/X11/bin/
-PATH: /Library/Apple/usr/bin/
-PATH: /Library/TeX/texbin/
-PATH: /usr/local/ncbi/blast/bin/
+PATH: /usr/local/sbin/
+PATH: /opt/cuda/bin/
+PATH: /opt/cuda/nsight_compute/
+PATH: /opt/cuda/nsight_systems/bin/
+PATH: /home/althonos/.local/share/flatpak/exports/bin/
+PATH: /usr/lib/jvm/default/bin/
+PATH: /usr/bin/site_perl/
+PATH: /usr/bin/vendor_perl/
+PATH: /usr/bin/core_perl/
+PATH: /usr/lib/rustup/bin/
 
 
 ## ----------- ##
 ## Core tests. ##
 ## ----------- ##
 
-configure:2413: looking for aux files: compile config.guess config.sub missing install-sh
-configure:2426:  trying ./
-configure:2455:   ./compile found
-configure:2455:   ./config.guess found
-configure:2455:   ./config.sub found
-configure:2455:   ./missing found
-configure:2437:   ./install-sh found
-configure:2584: checking for a BSD-compatible install
-configure:2657: result: /usr/bin/install -c
-configure:2668: checking whether build environment is sane
-configure:2723: result: yes
-configure:2882: checking for a race-free mkdir -p
-configure:2926: result: ./install-sh -c -d
-configure:2933: checking for gawk
-configure:2968: result: no
-configure:2933: checking for mawk
-configure:2968: result: no
-configure:2933: checking for nawk
-configure:2968: result: no
-configure:2933: checking for awk
-configure:2954: found /usr/bin/awk
-configure:2965: result: awk
-configure:2976: checking whether make sets $(MAKE)
-configure:2999: result: yes
-configure:3029: checking whether make supports nested variables
-configure:3047: result: yes
-configure:3200: checking build system type
-configure:3215: result: aarch64-apple-darwin24.3.0
-configure:3235: checking host system type
-configure:3249: result: aarch64-apple-darwin24.3.0
-configure:3338: checking for gcc
-configure:3359: found /usr/bin/gcc
-configure:3370: result: gcc
-configure:3401: checking for C compiler version
-configure:3410: gcc --version >&5
-Apple clang version 16.0.0 (clang-1600.0.26.6)
-Target: arm64-apple-darwin24.3.0
-Thread model: posix
-InstalledDir: /Library/Developer/CommandLineTools/usr/bin
-configure:3421: $? = 0
-configure:3410: gcc -v >&5
-Apple clang version 16.0.0 (clang-1600.0.26.6)
-Target: arm64-apple-darwin24.3.0
+configure:2433: looking for aux files: compile config.guess config.sub missing install-sh
+configure:2446:  trying ./
+configure:2475:   ./compile found
+configure:2475:   ./config.guess found
+configure:2475:   ./config.sub found
+configure:2475:   ./missing found
+configure:2457:   ./install-sh found
+configure:2605: checking for a BSD-compatible install
+configure:2679: result: /usr/bin/install -c
+configure:2690: checking whether sleep supports fractional seconds
+configure:2706: result: yes
+configure:2709: checking filesystem timestamp resolution
+configure:2844: result: 0.01
+configure:2849: checking whether build environment is sane
+configure:2894: result: yes
+configure:3065: checking for a race-free mkdir -p
+configure:3108: result: /usr/bin/mkdir -p
+configure:3115: checking for gawk
+configure:3136: found /usr/bin/gawk
+configure:3148: result: gawk
+configure:3159: checking whether make sets $(MAKE)
+configure:3183: result: yes
+configure:3209: checking whether make supports nested variables
+configure:3228: result: yes
+configure:3242: checking xargs -n works
+configure:3258: result: yes
+configure:3343: checking whether UID '1000' is supported by ustar format
+configure:3349: result: yes
+configure:3356: checking whether GID '1000' is supported by ustar format
+configure:3362: result: yes
+configure:3370: checking how to create a ustar tar archive
+configure:3381: tar --version
+tar (GNU tar) 1.35
+Copyright (C) 2023 Free Software Foundation, Inc.
+License GPLv3+: GNU GPL version 3 or later <https://gnu.org/licenses/gpl.html>.
+This is free software: you are free to change and redistribute it.
+There is NO WARRANTY, to the extent permitted by law.
+
+Written by John Gilmore and Jay Fenlason.
+configure:3384: $? = 0
+configure:3424: tardir=conftest.dir && eval tar --format=ustar -chf - "$tardir" >conftest.tar
+configure:3427: $? = 0
+configure:3431: tar -xf - <conftest.tar
+configure:3434: $? = 0
+configure:3436: cat conftest.dir/file
+GrepMe
+configure:3439: $? = 0
+configure:3454: result: gnutar
+configure:3497: checking build system type
+configure:3513: result: x86_64-pc-linux-gnu
+configure:3533: checking host system type
+configure:3548: result: x86_64-pc-linux-gnu
+configure:3638: checking for gcc
+configure:3659: found /usr/bin/gcc
+configure:3671: result: gcc
+configure:3702: checking for C compiler version
+configure:3711: gcc --version >&5
+gcc (GCC) 15.2.1 20251112
+Copyright (C) 2025 Free Software Foundation, Inc.
+This is free software; see the source for copying conditions.  There is NO
+warranty; not even for MERCHANTABILITY or FITNESS FOR A PARTICULAR PURPOSE.
+
+configure:3722: $? = 0
+configure:3711: gcc -v >&5
+Using built-in specs.
+COLLECT_GCC=gcc
+COLLECT_LTO_WRAPPER=/usr/lib/gcc/x86_64-pc-linux-gnu/15.2.1/lto-wrapper
+Target: x86_64-pc-linux-gnu
+Configured with: /build/gcc/src/gcc/configure --enable-languages=ada,c,c++,d,fortran,go,lto,m2,objc,obj-c++,rust,cobol --enable-bootstrap --prefix=/usr --libdir=/usr/lib --libexecdir=/usr/lib --mandir=/usr/share/man --infodir=/usr/share/info --with-bugurl=https://gitlab.archlinux.org/archlinux/packaging/packages/gcc/-/issues --with-build-config=bootstrap-lto --with-linker-hash-style=gnu --with-system-zlib --enable-__cxa_atexit --enable-cet=auto --enable-checking=release --enable-clocale=gnu --enable-default-pie --enable-default-ssp --enable-gnu-indirect-function --enable-gnu-unique-object --enable-libstdcxx-backtrace --enable-link-serialization=1 --enable-linker-build-id --enable-lto --enable-multilib --enable-plugin --enable-shared --enable-threads=posix --disable-libssp --disable-libstdcxx-pch --disable-werror
 Thread model: posix
-InstalledDir: /Library/Developer/CommandLineTools/usr/bin
-configure:3421: $? = 0
-configure:3410: gcc -V >&5
-clang: error: argument to '-V' is missing (expected 1 value)
-clang: error: no input files
-configure:3421: $? = 1
-configure:3410: gcc -qversion >&5
-clang: error: unknown argument '-qversion'; did you mean '--version'?
-clang: error: no input files
-configure:3421: $? = 1
-configure:3410: gcc -version >&5
-clang: error: unknown argument '-version'; did you mean '--version'?
-clang: error: no input files
-configure:3421: $? = 1
-configure:3441: checking whether the C compiler works
-configure:3463: gcc    conftest.c  >&5
-configure:3467: $? = 0
-configure:3517: result: yes
-configure:3520: checking for C compiler default output file name
-configure:3522: result: a.out
-configure:3528: checking for suffix of executables
-configure:3535: gcc -o conftest    conftest.c  >&5
-configure:3539: $? = 0
-configure:3562: result: 
-configure:3584: checking whether we are cross compiling
-configure:3592: gcc -o conftest    conftest.c  >&5
-configure:3596: $? = 0
-configure:3603: ./conftest
-configure:3607: $? = 0
-configure:3622: result: no
-configure:3627: checking for suffix of object files
-configure:3650: gcc -c   conftest.c >&5
-configure:3654: $? = 0
-configure:3676: result: o
-configure:3680: checking whether the compiler supports GNU C
-configure:3700: gcc -c   conftest.c >&5
-configure:3700: $? = 0
-configure:3710: result: yes
-configure:3721: checking whether gcc accepts -g
-configure:3742: gcc -c -g  conftest.c >&5
-configure:3742: $? = 0
-configure:3786: result: yes
-configure:3806: checking for gcc option to enable C11 features
-configure:3821: gcc  -c -g -O2  conftest.c >&5
-conftest.c:27:14: warning: a function definition without a prototype is deprecated in all versions of C and is not supported in C2x [-Wdeprecated-non-prototype]
-   27 | static char *e (p, i)
-      |              ^
-1 warning generated.
-configure:3821: $? = 0
-configure:3839: result: none needed
-configure:3955: checking whether gcc understands -c and -o together
-configure:3978: gcc -c conftest.c -o conftest2.o
-configure:3981: $? = 0
-configure:3978: gcc -c conftest.c -o conftest2.o
-configure:3981: $? = 0
-configure:3993: result: yes
-configure:4013: checking whether make supports the include directive
-configure:4028: make -f confmf.GNU && cat confinc.out
+Supported LTO compression algorithms: zlib zstd
+gcc version 15.2.1 20251112 (GCC) 
+configure:3722: $? = 0
+configure:3711: gcc -V >&5
+gcc: error: unrecognized command-line option '-V'
+gcc: fatal error: no input files
+compilation terminated.
+configure:3722: $? = 1
+configure:3711: gcc -qversion >&5
+gcc: error: unrecognized command-line option '-qversion'; did you mean '--version'?
+gcc: fatal error: no input files
+compilation terminated.
+configure:3722: $? = 1
+configure:3711: gcc -version >&5
+gcc: error: unrecognized command-line option '-version'
+gcc: fatal error: no input files
+compilation terminated.
+configure:3722: $? = 1
+configure:3742: checking whether the C compiler works
+configure:3764: gcc    conftest.c  >&5
+configure:3768: $? = 0
+configure:3819: result: yes
+configure:3823: checking for C compiler default output file name
+configure:3825: result: a.out
+configure:3831: checking for suffix of executables
+configure:3838: gcc -o conftest    conftest.c  >&5
+configure:3842: $? = 0
+configure:3866: result: 
+configure:3890: checking whether we are cross compiling
+configure:3898: gcc -o conftest    conftest.c  >&5
+configure:3902: $? = 0
+configure:3909: ./conftest
+configure:3913: $? = 0
+configure:3928: result: no
+configure:3934: checking for suffix of object files
+configure:3957: gcc -c   conftest.c >&5
+configure:3961: $? = 0
+configure:3985: result: o
+configure:3989: checking whether the compiler supports GNU C
+configure:4009: gcc -c   conftest.c >&5
+configure:4009: $? = 0
+configure:4021: result: yes
+configure:4032: checking whether gcc accepts -g
+configure:4053: gcc -c -g  conftest.c >&5
+configure:4053: $? = 0
+configure:4100: result: yes
+configure:4120: checking for gcc option to enable C11 features
+configure:4135: gcc  -c -g -O2  conftest.c >&5
+configure:4135: $? = 0
+configure:4154: result: none needed
+configure:4278: checking whether gcc understands -c and -o together
+configure:4301: gcc -c conftest.c -o conftest2.o
+configure:4304: $? = 0
+configure:4301: gcc -c conftest.c -o conftest2.o
+configure:4304: $? = 0
+configure:4320: result: yes
+configure:4340: checking whether make supports the include directive
+configure:4355: make -f confmf.GNU && cat confinc.out
+make[1]: Entering directory '/home/althonos/Code/pyphyml/vendor/phyml'
+make[1]: Leaving directory '/home/althonos/Code/pyphyml/vendor/phyml'
 this is the am__doit target
-configure:4031: $? = 0
-configure:4050: result: yes (GNU style)
-configure:4076: checking dependency style of gcc
-configure:4188: result: gcc3
-configure:4217: "gcc"
-configure:4223: checking for log in -lm
-configure:4246: gcc -o conftest -g -O2   conftest.c -lm   >&5
-conftest.c:17:6: warning: incompatible redeclaration of library function 'log' [-Wincompatible-library-redeclaration]
-   17 | char log ();
-      |      ^
-conftest.c:17:6: note: 'log' is a builtin with type 'double (double)'
-1 warning generated.
-configure:4246: $? = 0
-configure:4256: result: yes
-configure:4272: checking for stdio.h
-configure:4272: gcc -c -g -O2  conftest.c >&5
-configure:4272: $? = 0
-configure:4272: result: yes
-configure:4272: checking for stdlib.h
-configure:4272: gcc -c -g -O2  conftest.c >&5
-configure:4272: $? = 0
-configure:4272: result: yes
-configure:4272: checking for string.h
-configure:4272: gcc -c -g -O2  conftest.c >&5
-configure:4272: $? = 0
-configure:4272: result: yes
-configure:4272: checking for inttypes.h
-configure:4272: gcc -c -g -O2  conftest.c >&5
-configure:4272: $? = 0
-configure:4272: result: yes
-configure:4272: checking for stdint.h
-configure:4272: gcc -c -g -O2  conftest.c >&5
-configure:4272: $? = 0
-configure:4272: result: yes
-configure:4272: checking for strings.h
-configure:4272: gcc -c -g -O2  conftest.c >&5
-configure:4272: $? = 0
-configure:4272: result: yes
-configure:4272: checking for sys/stat.h
-configure:4272: gcc -c -g -O2  conftest.c >&5
-configure:4272: $? = 0
-configure:4272: result: yes
-configure:4272: checking for sys/types.h
-configure:4272: gcc -c -g -O2  conftest.c >&5
-configure:4272: $? = 0
-configure:4272: result: yes
-configure:4272: checking for unistd.h
-configure:4272: gcc -c -g -O2  conftest.c >&5
-configure:4272: $? = 0
-configure:4272: result: yes
-configure:4297: checking for grep that handles long lines and -e
-configure:4361: result: /usr/bin/grep
-configure:4369: checking for egrep
-configure:4437: result: /usr/bin/grep -E
-configure:4443: checking for float.h
-configure:4443: gcc -c -g -O2  conftest.c >&5
-configure:4443: $? = 0
-configure:4443: result: yes
-configure:4449: checking for stdlib.h
-configure:4449: result: yes
-configure:4455: checking for string.h
-configure:4455: result: yes
-configure:4461: checking for unistd.h
-configure:4461: result: yes
-configure:4470: checking for an ANSI C-conforming const
-configure:4537: gcc -c -g -O2  conftest.c >&5
-configure:4537: $? = 0
-configure:4545: result: yes
-configure:4553: checking for inline
-configure:4570: gcc -c -g -O2  conftest.c >&5
-configure:4570: $? = 0
-configure:4579: result: inline
-configure:4597: checking for size_t
-configure:4597: gcc -c -g -O2  conftest.c >&5
-configure:4597: $? = 0
-configure:4597: gcc -c -g -O2  conftest.c >&5
-conftest.c:59:21: error: expected expression
-   59 | if (sizeof ((size_t)))
+configure:4358: $? = 0
+configure:4377: result: yes (GNU style)
+configure:4403: checking dependency style of gcc
+configure:4516: result: gcc3
+configure:4545: "gcc"
+configure:4551: checking for log in -lm
+configure:4580: gcc -o conftest -g -O2   conftest.c -lm   >&5
+conftest.c:23:6: warning: conflicting types for built-in function 'log'; expected 'double(double)' [-Wbuiltin-declaration-mismatch]
+   23 | char log (void);
+      |      ^~~
+conftest.c:1:1: note: 'log' is declared in header '<math.h>'
+    1 | /* confdefs.h */
+configure:4580: $? = 0
+configure:4592: result: yes
+configure:4608: checking for stdio.h
+configure:4608: gcc -c -g -O2  conftest.c >&5
+configure:4608: $? = 0
+configure:4608: result: yes
+configure:4608: checking for stdlib.h
+configure:4608: gcc -c -g -O2  conftest.c >&5
+configure:4608: $? = 0
+configure:4608: result: yes
+configure:4608: checking for string.h
+configure:4608: gcc -c -g -O2  conftest.c >&5
+configure:4608: $? = 0
+configure:4608: result: yes
+configure:4608: checking for inttypes.h
+configure:4608: gcc -c -g -O2  conftest.c >&5
+configure:4608: $? = 0
+configure:4608: result: yes
+configure:4608: checking for stdint.h
+configure:4608: gcc -c -g -O2  conftest.c >&5
+configure:4608: $? = 0
+configure:4608: result: yes
+configure:4608: checking for strings.h
+configure:4608: gcc -c -g -O2  conftest.c >&5
+configure:4608: $? = 0
+configure:4608: result: yes
+configure:4608: checking for sys/stat.h
+configure:4608: gcc -c -g -O2  conftest.c >&5
+configure:4608: $? = 0
+configure:4608: result: yes
+configure:4608: checking for sys/types.h
+configure:4608: gcc -c -g -O2  conftest.c >&5
+configure:4608: $? = 0
+configure:4608: result: yes
+configure:4608: checking for unistd.h
+configure:4608: gcc -c -g -O2  conftest.c >&5
+configure:4608: $? = 0
+configure:4608: result: yes
+configure:4633: checking for grep that handles long lines and -e
+configure:4699: result: /usr/bin/grep
+configure:4707: checking for egrep
+configure:4777: result: /usr/bin/grep -E
+configure:4785: checking for float.h
+configure:4785: gcc -c -g -O2  conftest.c >&5
+configure:4785: $? = 0
+configure:4785: result: yes
+configure:4791: checking for stdlib.h
+configure:4791: result: yes
+configure:4797: checking for string.h
+configure:4797: result: yes
+configure:4803: checking for unistd.h
+configure:4803: result: yes
+configure:4809: checking for getopt.h
+configure:4809: gcc -c -g -O2  conftest.c >&5
+configure:4809: $? = 0
+configure:4809: result: yes
+configure:4815: checking for execinfo.h
+configure:4815: gcc -c -g -O2  conftest.c >&5
+configure:4815: $? = 0
+configure:4815: result: yes
+configure:4824: checking for an ANSI C-conforming const
+configure:4891: gcc -c -g -O2  conftest.c >&5
+configure:4891: $? = 0
+configure:4901: result: yes
+configure:4909: checking for inline
+configure:4926: gcc -c -g -O2  conftest.c >&5
+configure:4926: $? = 0
+configure:4936: result: inline
+configure:4954: checking for size_t
+configure:4954: gcc -c -g -O2  conftest.c >&5
+configure:4954: $? = 0
+configure:4954: gcc -c -g -O2  conftest.c >&5
+conftest.c: In function 'main':
+conftest.c:61:21: error: expected expression before ')' token
+   61 | if (sizeof ((size_t)))
       |                     ^
-1 error generated.
-configure:4597: $? = 1
+configure:4954: $? = 1
 configure: failed program was:
 | /* confdefs.h */
 | #define PACKAGE_NAME "PhyML"
@@ -274,6 +309,8 @@ configure: failed program was:
 | #define HAVE_STDLIB_H 1
 | #define HAVE_STRING_H 1
 | #define HAVE_UNISTD_H 1
+| #define HAVE_GETOPT_H 1
+| #define HAVE_EXECINFO_H 1
 | /* end confdefs.h.  */
 | #include <stddef.h>
 | #ifdef HAVE_STDIO_H
@@ -311,109 +348,92 @@ configure: failed program was:
 |   ;
 |   return 0;
 | }
-configure:4597: result: yes
-configure:4613: checking for pdflatex
-configure:4634: found /opt/local/bin/pdflatex
-configure:4645: result: pdflatex
-configure:4661: checking for latex
-configure:4682: found /opt/local/bin/latex
-configure:4693: result: latex
-configure:4735: checking for vprintf
-configure:4735: gcc -o conftest -g -O2   conftest.c -lm  >&5
-conftest.c:44:6: warning: incompatible redeclaration of library function 'vprintf' [-Wincompatible-library-redeclaration]
-   44 | char vprintf ();
-      |      ^
-conftest.c:44:6: note: 'vprintf' is a builtin with type 'int (const char *, __builtin_va_list)'
-1 warning generated.
-configure:4735: $? = 0
-configure:4735: result: yes
-configure:4756: checking for floor
-configure:4756: gcc -o conftest -g -O2   conftest.c -lm  >&5
-conftest.c:45:6: warning: incompatible redeclaration of library function 'floor' [-Wincompatible-library-redeclaration]
-   45 | char floor ();
-      |      ^
-conftest.c:45:6: note: 'floor' is a builtin with type 'double (double)'
-1 warning generated.
-configure:4756: $? = 0
-configure:4756: result: yes
-configure:4762: checking for pow
-configure:4762: gcc -o conftest -g -O2   conftest.c -lm  >&5
-conftest.c:46:6: warning: incompatible redeclaration of library function 'pow' [-Wincompatible-library-redeclaration]
-   46 | char pow ();
-      |      ^
-conftest.c:46:6: note: 'pow' is a builtin with type 'double (double, double)'
-1 warning generated.
-configure:4762: $? = 0
-configure:4762: result: yes
-configure:4768: checking for rint
-configure:4768: gcc -o conftest -g -O2   conftest.c -lm  >&5
-conftest.c:47:6: warning: incompatible redeclaration of library function 'rint' [-Wincompatible-library-redeclaration]
-   47 | char rint ();
-      |      ^
-conftest.c:47:6: note: 'rint' is a builtin with type 'double (double)'
-1 warning generated.
-configure:4768: $? = 0
-configure:4768: result: yes
-configure:4774: checking for sqrt
-configure:4774: gcc -o conftest -g -O2   conftest.c -lm  >&5
-conftest.c:48:6: warning: incompatible redeclaration of library function 'sqrt' [-Wincompatible-library-redeclaration]
-   48 | char sqrt ();
-      |      ^
-conftest.c:48:6: note: 'sqrt' is a builtin with type 'double (double)'
-1 warning generated.
-configure:4774: $? = 0
-configure:4774: result: yes
-configure:4780: checking for strchr
-configure:4780: gcc -o conftest -g -O2   conftest.c -lm  >&5
-conftest.c:49:6: warning: incompatible redeclaration of library function 'strchr' [-Wincompatible-library-redeclaration]
-   49 | char strchr ();
-      |      ^
-conftest.c:49:6: note: 'strchr' is a builtin with type 'char *(const char *, int)'
-1 warning generated.
-configure:4780: $? = 0
-configure:4780: result: yes
-configure:4786: checking for strstr
-configure:4786: gcc -o conftest -g -O2   conftest.c -lm  >&5
-conftest.c:50:6: warning: incompatible redeclaration of library function 'strstr' [-Wincompatible-library-redeclaration]
-   50 | char strstr ();
-      |      ^
-conftest.c:50:6: note: 'strstr' is a builtin with type 'char *(const char *, const char *)'
-1 warning generated.
-configure:4786: $? = 0
-configure:4786: result: yes
-configure:5248: checking that generated files are newer than configure
-configure:5254: result: done
-configure:5325: creating ./config.status
-
-## ---------------------- ##
-## Running config.status. ##
-## ---------------------- ##
-
-This file was extended by PhyML config.status 3.3.20250429, which was
-generated by GNU Autoconf 2.71.  Invocation command line was
-
-  CONFIG_FILES    = 
-  CONFIG_HEADERS  = 
-  CONFIG_LINKS    = 
-  CONFIG_COMMANDS = 
-  $ ./config.status 
-
-on eduroam183089.ugr.es
-
-config.status:900: creating Makefile
-config.status:900: creating src/Makefile
-config.status:900: creating doc/Makefile
-config.status:900: creating config.h
-config.status:1129: executing depfiles commands
-config.status:1206: cd src       && sed -e '/# am--include-marker/d' Makefile         | make -f - am--depfiles
-make: Nothing to be done for `am--depfiles'.
-config.status:1211: $? = 0
+configure:4954: result: yes
+configure:4971: checking for pdflatex
+configure:4992: found /usr/bin/pdflatex
+configure:5004: result: pdflatex
+configure:5020: checking for latex
+configure:5041: found /usr/bin/latex
+configure:5053: result: latex
+configure:5096: checking for vprintf
+configure:5096: gcc -o conftest -g -O2   conftest.c -lm  >&5
+conftest.c:46:6: warning: conflicting types for built-in function 'vprintf'; expected 'int(const char *, __va_list_tag *)' [-Wbuiltin-declaration-mismatch]
+   46 | char vprintf (void);
+      |      ^~~~~~~
+conftest.c:38:1: note: 'vprintf' is declared in header '<stdio.h>'
+   37 | #include <limits.h>
+   38 | #undef vprintf
+configure:5096: $? = 0
+configure:5096: result: yes
+configure:5117: checking for floor
+configure:5117: gcc -o conftest -g -O2   conftest.c -lm  >&5
+conftest.c:47:6: warning: conflicting types for built-in function 'floor'; expected 'double(double)' [-Wbuiltin-declaration-mismatch]
+   47 | char floor (void);
+      |      ^~~~~
+conftest.c:39:1: note: 'floor' is declared in header '<math.h>'
+   38 | #include <limits.h>
+   39 | #undef floor
+configure:5117: $? = 0
+configure:5117: result: yes
+configure:5123: checking for pow
+configure:5123: gcc -o conftest -g -O2   conftest.c -lm  >&5
+conftest.c:48:6: warning: conflicting types for built-in function 'pow'; expected 'double(double,  double)' [-Wbuiltin-declaration-mismatch]
+   48 | char pow (void);
+      |      ^~~
+conftest.c:40:1: note: 'pow' is declared in header '<math.h>'
+   39 | #include <limits.h>
+   40 | #undef pow
+configure:5123: $? = 0
+configure:5123: result: yes
+configure:5129: checking for rint
+configure:5129: gcc -o conftest -g -O2   conftest.c -lm  >&5
+conftest.c:49:6: warning: conflicting types for built-in function 'rint'; expected 'double(double)' [-Wbuiltin-declaration-mismatch]
+   49 | char rint (void);
+      |      ^~~~
+conftest.c:41:1: note: 'rint' is declared in header '<math.h>'
+   40 | #include <limits.h>
+   41 | #undef rint
+configure:5129: $? = 0
+configure:5129: result: yes
+configure:5135: checking for sqrt
+configure:5135: gcc -o conftest -g -O2   conftest.c -lm  >&5
+conftest.c:50:6: warning: conflicting types for built-in function 'sqrt'; expected 'double(double)' [-Wbuiltin-declaration-mismatch]
+   50 | char sqrt (void);
+      |      ^~~~
+conftest.c:42:1: note: 'sqrt' is declared in header '<math.h>'
+   41 | #include <limits.h>
+   42 | #undef sqrt
+configure:5135: $? = 0
+configure:5135: result: yes
+configure:5141: checking for strchr
+configure:5141: gcc -o conftest -g -O2   conftest.c -lm  >&5
+conftest.c:51:6: warning: conflicting types for built-in function 'strchr'; expected 'char *(const char *, int)' [-Wbuiltin-declaration-mismatch]
+   51 | char strchr (void);
+      |      ^~~~~~
+conftest.c:43:1: note: 'strchr' is declared in header '<string.h>'
+   42 | #include <limits.h>
+   43 | #undef strchr
+configure:5141: $? = 0
+configure:5141: result: yes
+configure:5147: checking for strstr
+configure:5147: gcc -o conftest -g -O2   conftest.c -lm  >&5
+conftest.c:52:6: warning: conflicting types for built-in function 'strstr'; expected 'char *(const char *, const char *)' [-Wbuiltin-declaration-mismatch]
+   52 | char strstr (void);
+      |      ^~~~~~
+conftest.c:44:1: note: 'strstr' is declared in header '<string.h>'
+   43 | #include <limits.h>
+   44 | #undef strstr
+configure:5147: $? = 0
+configure:5147: result: yes
+configure:5622: checking that generated files are newer than configure
+configure:5628: result: done
+configure:5711: creating ./config.status
 
 ## ---------------- ##
 ## Cache variables. ##
 ## ---------------- ##
 
-ac_cv_build=aarch64-apple-darwin24.3.0
+ac_cv_build=x86_64-pc-linux-gnu
 ac_cv_c_compiler_gnu=yes
 ac_cv_c_const=yes
 ac_cv_c_inline=inline
@@ -441,7 +461,9 @@ ac_cv_func_sqrt=yes
 ac_cv_func_strchr=yes
 ac_cv_func_strstr=yes
 ac_cv_func_vprintf=yes
+ac_cv_header_execinfo_h=yes
 ac_cv_header_float_h=yes
+ac_cv_header_getopt_h=yes
 ac_cv_header_inttypes_h=yes
 ac_cv_header_stdint_h=yes
 ac_cv_header_stdio_h=yes
@@ -451,13 +473,15 @@ ac_cv_header_strings_h=yes
 ac_cv_header_sys_stat_h=yes
 ac_cv_header_sys_types_h=yes
 ac_cv_header_unistd_h=yes
-ac_cv_host=aarch64-apple-darwin24.3.0
+ac_cv_host=x86_64-pc-linux-gnu
 ac_cv_lib_m_log=yes
 ac_cv_objext=o
 ac_cv_path_EGREP='/usr/bin/grep -E'
+ac_cv_path_EGREP_TRADITIONAL='/usr/bin/grep -E'
 ac_cv_path_GREP=/usr/bin/grep
 ac_cv_path_install='/usr/bin/install -c'
-ac_cv_prog_AWK=awk
+ac_cv_path_mkdir=/usr/bin/mkdir
+ac_cv_prog_AWK=gawk
 ac_cv_prog_LATEX=latex
 ac_cv_prog_PDFLATEX=pdflatex
 ac_cv_prog_ac_ct_CC=gcc
@@ -467,14 +491,18 @@ ac_cv_prog_cc_stdc=
 ac_cv_prog_make_make_set=yes
 ac_cv_type_size_t=yes
 am_cv_CC_dependencies_compiler_type=gcc3
+am_cv_filesystem_timestamp_resolution=0.01
 am_cv_make_support_nested_variables=yes
 am_cv_prog_cc_c_o=yes
+am_cv_prog_tar_ustar=gnutar
+am_cv_sleep_fractional_seconds=yes
+am_cv_xargs_n_works=yes
 
 ## ----------------- ##
 ## Output variables. ##
 ## ----------------- ##
 
-ACLOCAL='${SHELL} '\''/Users/guindon/phyml/missing'\'' aclocal-1.16'
+ACLOCAL='${SHELL} '\''/home/althonos/Code/pyphyml/vendor/phyml/missing'\'' aclocal-1.18'
 AMDEPBACKSLASH='\'
 AMDEP_FALSE='#'
 AMDEP_TRUE=''
@@ -483,21 +511,21 @@ AM_BACKSLASH='\'
 AM_DEFAULT_V='$(AM_DEFAULT_VERBOSITY)'
 AM_DEFAULT_VERBOSITY='1'
 AM_V='$(V)'
-AUTOCONF='${SHELL} '\''/Users/guindon/phyml/missing'\'' autoconf'
-AUTOHEADER='${SHELL} '\''/Users/guindon/phyml/missing'\'' autoheader'
-AUTOMAKE='${SHELL} '\''/Users/guindon/phyml/missing'\'' automake-1.16'
-AWK='awk'
-CC='mpicc'
+AUTOCONF='${SHELL} '\''/home/althonos/Code/pyphyml/vendor/phyml/missing'\'' autoconf'
+AUTOHEADER='${SHELL} '\''/home/althonos/Code/pyphyml/vendor/phyml/missing'\'' autoheader'
+AUTOMAKE='${SHELL} '\''/home/althonos/Code/pyphyml/vendor/phyml/missing'\'' automake-1.18'
+AWK='gawk'
+CC='gcc'
 CCDEPMODE='depmode=gcc3'
-CFLAGS='-std=gnu99 -O3 -fomit-frame-pointer -funroll-loops -Wall -Winline -finline -march=native'
+CFLAGS='-std=gnu99 -O3 -fomit-frame-pointer -funroll-loops -Wall -Winline -finline -DDISABLE_NATIVE'
 CPPFLAGS=''
 CSCOPE='cscope'
 CTAGS='ctags'
 CYGPATH_W='echo'
 DEFS='-DHAVE_CONFIG_H'
 DEPDIR='.deps'
-ECHO_C='\c'
-ECHO_N=''
+ECHO_C=''
+ECHO_N='-n'
 ECHO_T=''
 EGREP='/usr/bin/grep -E'
 ETAGS='etags'
@@ -514,8 +542,8 @@ LDFLAGS=''
 LIBOBJS=''
 LIBS='-lm '
 LTLIBOBJS=''
-MAKEINFO='${SHELL} '\''/Users/guindon/phyml/missing'\'' makeinfo'
-MKDIR_P='./install-sh -c -d'
+MAKEINFO='${SHELL} '\''/home/althonos/Code/pyphyml/vendor/phyml/missing'\'' makeinfo'
+MKDIR_P='/usr/bin/mkdir -p'
 OBJEXT='o'
 PACKAGE='phyml'
 PACKAGE_BUGREPORT='stephane.guindon@lirmm.fr'
@@ -534,8 +562,8 @@ WANT_DATE_FALSE=''
 WANT_DATE_TRUE='#'
 WANT_EVOLVE_FALSE=''
 WANT_EVOLVE_TRUE='#'
-WANT_MPI_FALSE='#'
-WANT_MPI_TRUE=''
+WANT_MPI_FALSE=''
+WANT_MPI_TRUE='#'
 WANT_PHYML_FALSE=''
 WANT_PHYML_TRUE='#'
 WANT_PHYREXSIM_FALSE=''
@@ -562,28 +590,30 @@ am__isrc=''
 am__leading_dot='.'
 am__nodep='_no'
 am__quote=''
-am__tar='$${TAR-tar} chof - "$$tardir"'
-am__untar='$${TAR-tar} xf -'
+am__rm_f_notfound=''
+am__tar='tar --format=ustar -chf - "$$tardir"'
+am__untar='tar -xf -'
+am__xargs_n='xargs -n'
 bindir='${exec_prefix}/bin'
-build='aarch64-apple-darwin24.3.0'
+build='x86_64-pc-linux-gnu'
 build_alias=''
-build_cpu='aarch64'
-build_os='darwin24.3.0'
-build_vendor='apple'
+build_cpu='x86_64'
+build_os='linux-gnu'
+build_vendor='pc'
 datadir='${datarootdir}'
 datarootdir='${prefix}/share'
 docdir='${datarootdir}/doc/${PACKAGE_TARNAME}'
 dvidir='${docdir}'
 exec_prefix='${prefix}'
-host='aarch64-apple-darwin24.3.0'
+host='x86_64-pc-linux-gnu'
 host_alias=''
-host_cpu='aarch64'
-host_os='darwin24.3.0'
-host_vendor='apple'
+host_cpu='x86_64'
+host_os='linux-gnu'
+host_vendor='pc'
 htmldir='${docdir}'
 includedir='${prefix}/include'
 infodir='${datarootdir}/info'
-install_sh='${SHELL} /Users/guindon/phyml/install-sh'
+install_sh='${SHELL} /home/althonos/Code/pyphyml/vendor/phyml/install-sh'
 libdir='${exec_prefix}/lib'
 libexecdir='${exec_prefix}/libexec'
 localedir='${datarootdir}/locale'
@@ -631,6 +661,8 @@ target_alias=''
 #define HAVE_STDLIB_H 1
 #define HAVE_STRING_H 1
 #define HAVE_UNISTD_H 1
+#define HAVE_GETOPT_H 1
+#define HAVE_EXECINFO_H 1
 #define HAVE_VPRINTF 1
 #define HAVE_FLOOR 1
 #define HAVE_POW 1
@@ -638,7 +670,6 @@ target_alias=''
 #define HAVE_SQRT 1
 #define HAVE_STRCHR 1
 #define HAVE_STRSTR 1
-#define MPI 1
 #define PHYML 1
 
 configure: exit 0
@@ -648,18 +679,42 @@ configure: exit 0
 ## ---------------------- ##
 
 This file was extended by PhyML config.status 3.3.20250429, which was
-generated by GNU Autoconf 2.71.  Invocation command line was
+generated by GNU Autoconf 2.72.  Invocation command line was
+
+  CONFIG_FILES    = 
+  CONFIG_HEADERS  = 
+  CONFIG_LINKS    = 
+  CONFIG_COMMANDS = 
+  $ ./config.status 
+
+on zbook
+
+config.status:906: creating Makefile
+config.status:906: creating src/Makefile
+config.status:906: creating doc/Makefile
+config.status:906: creating config.h
+config.status:1087: config.h is unchanged
+config.status:1135: executing depfiles commands
+config.status:1210: cd src       && sed -e '/# am--include-marker/d' Makefile         | make -f - am--depfiles
+make[1]: Entering directory '/home/althonos/Code/pyphyml/vendor/phyml/src'
+make[1]: Nothing to be done for 'am--depfiles'.
+make[1]: Leaving directory '/home/althonos/Code/pyphyml/vendor/phyml/src'
+config.status:1217: $? = 0
+
+## ---------------------- ##
+## Running config.status. ##
+## ---------------------- ##
+
+This file was extended by PhyML config.status 3.3.20250429, which was
+generated by GNU Autoconf 2.72.  Invocation command line was
 
   CONFIG_FILES    = 
   CONFIG_HEADERS  = 
   CONFIG_LINKS    = 
   CONFIG_COMMANDS = 
-  $ ./config.status src/Makefile depfiles
+  $ ./config.status config.h
 
-on eduroam183089.ugr.es
+on zbook
 
-config.status:900: creating src/Makefile
-config.status:1129: executing depfiles commands
-config.status:1206: cd src       && sed -e '/# am--include-marker/d' Makefile         | make -f - am--depfiles
-make[3]: Nothing to be done for `am--depfiles'.
-config.status:1211: $? = 0
+config.status:906: creating config.h
+config.status:1087: config.h is unchanged
